2025-05-20 09:47:49.171 [info] [main] Log level: Info
2025-05-20 09:47:49.171 [info] [main] Validating found git in: "git"
2025-05-20 09:47:49.171 [info] [main] Using git "2.43.0" from "git"
2025-05-20 09:47:49.171 [info] [Model][doInitialScan] Initial repository scan started
2025-05-20 09:47:49.171 [info] > git rev-parse --show-toplevel [5ms]
2025-05-20 09:47:49.171 [info] fatal: not a git repository (or any of the parent directories): .git
2025-05-20 09:47:49.173 [info] > git rev-parse --show-toplevel [2ms]
2025-05-20 09:47:49.173 [info] fatal: not a git repository (or any of the parent directories): .git
2025-05-20 09:47:49.179 [info] > git rev-parse --show-toplevel [2ms]
2025-05-20 09:47:49.179 [info] fatal: not a git repository (or any of the parent directories): .git
2025-05-20 09:47:49.183 [info] > git rev-parse --show-toplevel [1ms]
2025-05-20 09:47:49.183 [info] fatal: not a git repository (or any of the parent directories): .git
2025-05-20 09:47:49.186 [info] > git rev-parse --show-toplevel [1ms]
2025-05-20 09:47:49.186 [info] fatal: not a git repository (or any of the parent directories): .git
2025-05-20 09:47:49.191 [info] > git rev-parse --show-toplevel [1ms]
2025-05-20 09:47:49.191 [info] fatal: not a git repository (or any of the parent directories): .git
2025-05-20 09:47:49.195 [info] [Model][doInitialScan] Initial repository scan completed - repositories (0), closed repositories (0), parent repositories (0), unsafe repositories (0)
2025-05-20 09:48:05.077 [info] > git rev-parse --show-toplevel [2ms]
2025-05-20 09:48:05.077 [info] fatal: not a git repository (or any of the parent directories): .git
2025-05-20 09:50:31.606 [info] > git rev-parse --show-toplevel [11ms]
2025-05-20 09:50:31.606 [info] fatal: not a git repository (or any of the parent directories): .git
2025-05-20 09:50:36.882 [info] > git rev-parse --show-toplevel [9ms]
2025-05-20 09:50:36.882 [info] fatal: not a git repository (or any of the parent directories): .git
2025-05-20 09:52:16.036 [info] > git rev-parse --show-toplevel [6ms]
2025-05-20 09:52:16.037 [info] fatal: not a git repository (or any of the parent directories): .git
2025-05-20 09:54:00.113 [info] > git rev-parse --show-toplevel [2ms]
2025-05-20 09:54:00.113 [info] fatal: not a git repository (or any of the parent directories): .git
2025-05-20 09:54:49.234 [info] > git rev-parse --show-toplevel [16ms]
2025-05-20 09:54:49.234 [info] fatal: not a git repository (or any of the parent directories): .git
2025-05-20 10:06:24.236 [info] > git rev-parse --show-toplevel [45ms]
2025-05-20 10:06:24.237 [info] fatal: not a git repository (or any of the parent directories): .git
2025-05-20 10:07:45.749 [info] > git rev-parse --show-toplevel [33ms]
2025-05-20 10:07:45.751 [info] fatal: not a git repository (or any of the parent directories): .git
2025-05-20 10:09:35.418 [info] > git rev-parse --show-toplevel [44ms]
2025-05-20 10:09:35.419 [info] fatal: not a git repository (or any of the parent directories): .git
2025-05-20 10:12:08.455 [info] > git rev-parse --show-toplevel [46ms]
2025-05-20 10:12:08.456 [info] fatal: not a git repository (or any of the parent directories): .git
2025-05-20 10:12:36.029 [info] > git rev-parse --show-toplevel [10ms]
2025-05-20 10:12:36.029 [info] fatal: not a git repository (or any of the parent directories): .git
2025-05-20 10:55:18.587 [info] > git rev-parse --show-toplevel [24ms]
2025-05-20 10:55:18.588 [info] fatal: not a git repository (or any of the parent directories): .git
2025-05-20 10:55:43.903 [info] > git rev-parse --show-toplevel [18ms]
2025-05-20 10:55:43.903 [info] fatal: not a git repository (or any of the parent directories): .git
2025-05-20 10:57:01.006 [info] > git rev-parse --show-toplevel [28ms]
2025-05-20 10:57:01.007 [info] fatal: not a git repository (or any of the parent directories): .git
2025-05-20 10:57:24.244 [info] > git rev-parse --show-toplevel [5ms]
2025-05-20 10:57:24.244 [info] fatal: not a git repository (or any of the parent directories): .git
2025-05-20 10:57:29.766 [info] > git rev-parse --show-toplevel [3ms]
2025-05-20 10:57:29.767 [info] fatal: not a git repository (or any of the parent directories): .git
2025-05-20 10:57:31.512 [info] > git rev-parse --show-toplevel [2ms]
2025-05-20 10:57:31.512 [info] fatal: not a git repository (or any of the parent directories): .git
2025-05-20 10:57:32.641 [info] > git rev-parse --show-toplevel [3ms]
2025-05-20 10:57:32.641 [info] fatal: not a git repository (or any of the parent directories): .git
2025-05-20 11:04:25.984 [info] > git rev-parse --show-toplevel [16ms]
2025-05-20 11:04:25.985 [info] fatal: not a git repository (or any of the parent directories): .git
2025-05-20 11:04:29.025 [info] > git rev-parse --show-toplevel [5ms]
2025-05-20 11:04:29.025 [info] fatal: not a git repository (or any of the parent directories): .git
2025-05-20 11:05:49.642 [info] > git rev-parse --show-toplevel [20ms]
2025-05-20 11:05:49.642 [info] fatal: not a git repository (or any of the parent directories): .git
2025-05-20 11:32:00.487 [info] > git rev-parse --show-toplevel [21ms]
2025-05-20 11:32:00.488 [info] fatal: not a git repository (or any of the parent directories): .git
2025-05-20 11:32:39.895 [info] > git rev-parse --show-toplevel [18ms]
2025-05-20 11:32:39.895 [info] fatal: not a git repository (or any of the parent directories): .git
2025-05-20 11:32:42.331 [info] > git rev-parse --show-toplevel [1ms]
2025-05-20 11:32:42.331 [info] fatal: not a git repository (or any of the parent directories): .git
2025-05-20 11:32:44.196 [info] > git rev-parse --show-toplevel [4ms]
2025-05-20 11:32:44.196 [info] fatal: not a git repository (or any of the parent directories): .git
2025-05-20 11:32:47.538 [info] > git rev-parse --show-toplevel [15ms]
2025-05-20 11:32:47.538 [info] fatal: not a git repository (or any of the parent directories): .git
2025-05-20 11:32:50.439 [info] > git rev-parse --show-toplevel [3ms]
2025-05-20 11:32:50.440 [info] fatal: not a git repository (or any of the parent directories): .git
2025-05-20 11:32:52.711 [info] > git rev-parse --show-toplevel [8ms]
2025-05-20 11:32:52.712 [info] fatal: not a git repository (or any of the parent directories): .git
2025-05-20 11:32:54.999 [info] > git rev-parse --show-toplevel [10ms]
2025-05-20 11:32:54.999 [info] fatal: not a git repository (or any of the parent directories): .git
2025-05-20 11:32:56.840 [info] > git rev-parse --show-toplevel [11ms]
2025-05-20 11:32:56.840 [info] fatal: not a git repository (or any of the parent directories): .git
2025-05-20 11:33:01.187 [info] > git rev-parse --show-toplevel [2ms]
2025-05-20 11:33:01.187 [info] fatal: not a git repository (or any of the parent directories): .git
2025-05-20 11:33:03.258 [info] > git rev-parse --show-toplevel [7ms]
2025-05-20 11:33:03.259 [info] fatal: not a git repository (or any of the parent directories): .git
2025-05-20 11:33:15.549 [info] > git rev-parse --show-toplevel [4ms]
2025-05-20 11:33:15.549 [info] fatal: not a git repository (or any of the parent directories): .git
2025-05-20 11:33:18.852 [info] > git rev-parse --show-toplevel [2ms]
2025-05-20 11:33:18.852 [info] fatal: not a git repository (or any of the parent directories): .git
2025-05-20 11:33:26.588 [info] > git rev-parse --show-toplevel [4ms]
2025-05-20 11:33:26.588 [info] fatal: not a git repository (or any of the parent directories): .git
2025-05-20 11:33:28.469 [info] > git rev-parse --show-toplevel [9ms]
2025-05-20 11:33:28.469 [info] fatal: not a git repository (or any of the parent directories): .git
2025-05-20 11:34:03.955 [info] > git rev-parse --show-toplevel [3ms]
2025-05-20 11:34:03.955 [info] fatal: not a git repository (or any of the parent directories): .git
2025-05-20 11:40:41.959 [info] > git rev-parse --show-toplevel [20ms]
2025-05-20 11:40:41.960 [info] fatal: not a git repository (or any of the parent directories): .git
2025-05-20 11:40:46.512 [info] > git rev-parse --show-toplevel [3ms]
2025-05-20 11:40:46.512 [info] fatal: not a git repository (or any of the parent directories): .git
2025-05-20 11:40:51.105 [info] > git rev-parse --show-toplevel [4ms]
2025-05-20 11:40:51.105 [info] fatal: not a git repository (or any of the parent directories): .git
2025-05-20 11:40:57.938 [info] > git rev-parse --show-toplevel [13ms]
2025-05-20 11:40:57.938 [info] fatal: not a git repository (or any of the parent directories): .git
2025-05-20 11:41:26.176 [info] > git rev-parse --show-toplevel [3ms]
2025-05-20 11:41:26.177 [info] fatal: not a git repository (or any of the parent directories): .git
2025-05-20 11:41:29.174 [info] > git rev-parse --show-toplevel [2ms]
2025-05-20 11:41:29.174 [info] fatal: not a git repository (or any of the parent directories): .git
2025-05-20 11:41:43.136 [info] > git rev-parse --show-toplevel [2ms]
2025-05-20 11:41:43.137 [info] fatal: not a git repository (or any of the parent directories): .git
2025-05-20 11:41:48.094 [info] > git rev-parse --show-toplevel [11ms]
2025-05-20 11:41:48.094 [info] fatal: not a git repository (or any of the parent directories): .git
2025-05-20 11:41:49.373 [info] > git rev-parse --show-toplevel [4ms]
2025-05-20 11:41:49.374 [info] fatal: not a git repository (or any of the parent directories): .git
2025-05-20 11:41:53.899 [info] > git rev-parse --show-toplevel [10ms]
2025-05-20 11:41:53.899 [info] fatal: not a git repository (or any of the parent directories): .git
2025-05-20 11:42:03.522 [info] > git rev-parse --show-toplevel [3ms]
2025-05-20 11:42:03.522 [info] fatal: not a git repository (or any of the parent directories): .git
2025-05-20 11:42:35.242 [info] > git rev-parse --show-toplevel [19ms]
2025-05-20 11:42:35.242 [info] fatal: not a git repository (or any of the parent directories): .git
2025-05-20 11:42:36.811 [info] > git rev-parse --show-toplevel [2ms]
2025-05-20 11:42:36.811 [info] fatal: not a git repository (or any of the parent directories): .git
2025-05-20 11:42:45.310 [info] > git rev-parse --show-toplevel [5ms]
2025-05-20 11:42:45.310 [info] fatal: not a git repository (or any of the parent directories): .git
2025-05-20 11:50:50.128 [info] > git rev-parse --show-toplevel [4ms]
2025-05-20 11:50:50.128 [info] fatal: not a git repository (or any of the parent directories): .git
2025-05-20 11:50:54.551 [info] > git rev-parse --show-toplevel [6ms]
2025-05-20 11:50:54.552 [info] fatal: not a git repository (or any of the parent directories): .git
2025-05-20 11:51:26.707 [info] > git rev-parse --show-toplevel [5ms]
2025-05-20 11:51:26.707 [info] fatal: not a git repository (or any of the parent directories): .git
2025-05-20 11:51:29.245 [info] > git rev-parse --show-toplevel [2ms]
2025-05-20 11:51:29.245 [info] fatal: not a git repository (or any of the parent directories): .git
2025-05-20 11:51:29.820 [info] > git rev-parse --show-toplevel [4ms]
2025-05-20 11:51:29.820 [info] fatal: not a git repository (or any of the parent directories): .git
2025-05-20 11:51:38.563 [info] > git rev-parse --show-toplevel [2ms]
2025-05-20 11:51:38.563 [info] fatal: not a git repository (or any of the parent directories): .git
2025-05-20 11:51:45.033 [info] > git rev-parse --show-toplevel [1ms]
2025-05-20 11:51:45.033 [info] fatal: not a git repository (or any of the parent directories): .git
2025-05-20 11:51:45.664 [info] > git rev-parse --show-toplevel [3ms]
2025-05-20 11:51:45.664 [info] fatal: not a git repository (or any of the parent directories): .git
2025-05-20 11:52:00.270 [info] > git rev-parse --show-toplevel [7ms]
2025-05-20 11:52:00.271 [info] fatal: not a git repository (or any of the parent directories): .git
2025-05-20 11:52:04.341 [info] > git rev-parse --show-toplevel [4ms]
2025-05-20 11:52:04.341 [info] fatal: not a git repository (or any of the parent directories): .git
2025-05-20 11:54:30.335 [info] > git rev-parse --show-toplevel [22ms]
2025-05-20 11:54:30.335 [info] fatal: not a git repository (or any of the parent directories): .git
2025-05-20 11:55:19.255 [info] > git rev-parse --show-toplevel [2ms]
2025-05-20 11:55:19.255 [info] fatal: not a git repository (or any of the parent directories): .git
2025-05-20 11:55:24.505 [info] > git rev-parse --show-toplevel [4ms]
2025-05-20 11:55:24.505 [info] fatal: not a git repository (or any of the parent directories): .git
2025-05-20 11:59:37.023 [info] > git rev-parse --show-toplevel [10ms]
2025-05-20 11:59:37.024 [info] fatal: not a git repository (or any of the parent directories): .git
2025-05-20 11:59:45.973 [info] > git rev-parse --show-toplevel [3ms]
2025-05-20 11:59:45.973 [info] fatal: not a git repository (or any of the parent directories): .git
2025-05-20 12:00:46.468 [info] > git rev-parse --show-toplevel [2ms]
2025-05-20 12:00:46.468 [info] fatal: not a git repository (or any of the parent directories): .git
2025-05-20 12:01:13.371 [info] > git rev-parse --show-toplevel [13ms]
2025-05-20 12:01:13.371 [info] fatal: not a git repository (or any of the parent directories): .git
2025-05-20 12:01:14.608 [info] > git rev-parse --show-toplevel [1ms]
2025-05-20 12:01:14.609 [info] fatal: not a git repository (or any of the parent directories): .git
2025-05-20 12:02:46.281 [info] > git rev-parse --show-toplevel [5ms]
2025-05-20 12:02:46.281 [info] fatal: not a git repository (or any of the parent directories): .git
2025-05-20 12:03:04.165 [info] > git rev-parse --show-toplevel [11ms]
2025-05-20 12:03:04.165 [info] fatal: not a git repository (or any of the parent directories): .git
2025-05-20 12:08:38.955 [info] > git rev-parse --show-toplevel [12ms]
2025-05-20 12:08:38.955 [info] fatal: not a git repository (or any of the parent directories): .git
2025-05-20 12:08:53.142 [info] > git rev-parse --show-toplevel [8ms]
2025-05-20 12:08:53.143 [info] fatal: not a git repository (or any of the parent directories): .git
2025-05-20 12:09:01.521 [info] > git rev-parse --show-toplevel [42ms]
2025-05-20 12:09:01.522 [info] fatal: not a git repository (or any of the parent directories): .git
2025-05-20 12:09:19.372 [info] > git rev-parse --show-toplevel [3ms]
2025-05-20 12:09:19.373 [info] fatal: not a git repository (or any of the parent directories): .git
2025-05-20 12:09:28.141 [info] > git rev-parse --show-toplevel [4ms]
2025-05-20 12:09:28.141 [info] fatal: not a git repository (or any of the parent directories): .git
2025-05-20 12:10:31.568 [info] > git rev-parse --show-toplevel [8ms]
2025-05-20 12:10:31.568 [info] fatal: not a git repository (or any of the parent directories): .git
2025-05-20 12:10:33.426 [info] > git rev-parse --show-toplevel [4ms]
2025-05-20 12:10:33.426 [info] fatal: not a git repository (or any of the parent directories): .git
2025-05-20 12:10:39.406 [info] > git rev-parse --show-toplevel [1ms]
2025-05-20 12:10:39.406 [info] fatal: not a git repository (or any of the parent directories): .git
2025-05-20 12:10:44.119 [info] > git rev-parse --show-toplevel [26ms]
2025-05-20 12:10:44.119 [info] fatal: not a git repository (or any of the parent directories): .git
2025-05-20 12:10:49.263 [info] > git rev-parse --show-toplevel [1ms]
2025-05-20 12:10:49.263 [info] fatal: not a git repository (or any of the parent directories): .git
2025-05-20 12:10:58.550 [info] > git rev-parse --show-toplevel [6ms]
2025-05-20 12:10:58.551 [info] fatal: not a git repository (or any of the parent directories): .git
2025-05-20 12:10:59.058 [info] > git rev-parse --show-toplevel [2ms]
2025-05-20 12:10:59.059 [info] fatal: not a git repository (or any of the parent directories): .git
2025-05-20 12:11:03.816 [info] > git rev-parse --show-toplevel [16ms]
2025-05-20 12:11:03.816 [info] fatal: not a git repository (or any of the parent directories): .git
2025-05-20 12:11:15.328 [info] > git rev-parse --show-toplevel [4ms]
2025-05-20 12:11:15.328 [info] fatal: not a git repository (or any of the parent directories): .git
2025-05-20 12:11:17.922 [info] > git rev-parse --show-toplevel [15ms]
2025-05-20 12:11:17.922 [info] fatal: not a git repository (or any of the parent directories): .git
2025-05-20 12:12:29.798 [info] > git rev-parse --show-toplevel [16ms]
2025-05-20 12:12:29.798 [info] fatal: not a git repository (or any of the parent directories): .git
2025-05-20 12:12:30.530 [info] > git rev-parse --show-toplevel [2ms]
2025-05-20 12:12:30.530 [info] fatal: not a git repository (or any of the parent directories): .git
2025-05-20 12:14:17.534 [info] > git rev-parse --show-toplevel [1ms]
2025-05-20 12:14:17.534 [info] fatal: not a git repository (or any of the parent directories): .git
2025-05-20 12:14:18.749 [info] > git rev-parse --show-toplevel [7ms]
2025-05-20 12:14:18.749 [info] fatal: not a git repository (or any of the parent directories): .git
2025-05-20 12:15:43.489 [info] > git rev-parse --show-toplevel [3ms]
2025-05-20 12:15:43.489 [info] fatal: not a git repository (or any of the parent directories): .git
2025-05-20 12:15:48.821 [info] > git rev-parse --show-toplevel [6ms]
2025-05-20 12:15:48.822 [info] fatal: not a git repository (or any of the parent directories): .git
2025-05-20 12:15:58.246 [info] > git rev-parse --show-toplevel [3ms]
2025-05-20 12:15:58.246 [info] fatal: not a git repository (or any of the parent directories): .git
2025-05-20 12:16:02.715 [info] > git rev-parse --show-toplevel [5ms]
2025-05-20 12:16:02.715 [info] fatal: not a git repository (or any of the parent directories): .git
2025-05-20 12:19:36.881 [info] > git rev-parse --show-toplevel [18ms]
2025-05-20 12:19:36.881 [info] fatal: not a git repository (or any of the parent directories): .git
2025-05-20 12:19:40.290 [info] > git rev-parse --show-toplevel [5ms]
2025-05-20 12:19:40.290 [info] fatal: not a git repository (or any of the parent directories): .git
2025-05-20 12:19:40.737 [info] > git rev-parse --show-toplevel [3ms]
2025-05-20 12:19:40.737 [info] fatal: not a git repository (or any of the parent directories): .git
2025-05-20 12:19:41.222 [info] > git rev-parse --show-toplevel [1ms]
2025-05-20 12:19:41.222 [info] fatal: not a git repository (or any of the parent directories): .git
2025-05-20 12:19:42.563 [info] > git rev-parse --show-toplevel [3ms]
2025-05-20 12:19:42.564 [info] fatal: not a git repository (or any of the parent directories): .git
2025-05-20 12:19:59.307 [info] > git rev-parse --show-toplevel [14ms]
2025-05-20 12:19:59.308 [info] fatal: not a git repository (or any of the parent directories): .git
2025-05-20 12:20:06.490 [info] > git rev-parse --show-toplevel [1ms]
2025-05-20 12:20:06.490 [info] fatal: not a git repository (or any of the parent directories): .git
2025-05-20 12:20:20.885 [info] > git rev-parse --show-toplevel [3ms]
2025-05-20 12:20:20.885 [info] fatal: not a git repository (or any of the parent directories): .git
2025-05-20 12:20:25.307 [info] > git rev-parse --show-toplevel [3ms]
2025-05-20 12:20:25.307 [info] fatal: not a git repository (or any of the parent directories): .git
2025-05-20 12:20:44.297 [info] > git rev-parse --show-toplevel [2ms]
2025-05-20 12:20:44.297 [info] fatal: not a git repository (or any of the parent directories): .git
2025-05-20 12:20:46.608 [info] > git rev-parse --show-toplevel [2ms]
2025-05-20 12:20:46.609 [info] fatal: not a git repository (or any of the parent directories): .git
2025-05-20 12:20:47.265 [info] > git rev-parse --show-toplevel [3ms]
2025-05-20 12:20:47.265 [info] fatal: not a git repository (or any of the parent directories): .git
2025-05-20 12:20:48.637 [info] > git rev-parse --show-toplevel [3ms]
2025-05-20 12:20:48.638 [info] fatal: not a git repository (or any of the parent directories): .git
2025-05-20 12:21:00.289 [info] > git rev-parse --show-toplevel [2ms]
2025-05-20 12:21:00.290 [info] fatal: not a git repository (or any of the parent directories): .git
2025-05-20 12:21:01.537 [info] > git rev-parse --show-toplevel [3ms]
2025-05-20 12:21:01.538 [info] fatal: not a git repository (or any of the parent directories): .git
2025-05-20 12:21:05.164 [info] > git rev-parse --show-toplevel [3ms]
2025-05-20 12:21:05.164 [info] fatal: not a git repository (or any of the parent directories): .git
2025-05-20 12:21:06.344 [info] > git rev-parse --show-toplevel [2ms]
2025-05-20 12:21:06.344 [info] fatal: not a git repository (or any of the parent directories): .git
2025-05-20 12:21:07.349 [info] > git rev-parse --show-toplevel [1ms]
2025-05-20 12:21:07.349 [info] fatal: not a git repository (or any of the parent directories): .git
2025-05-20 12:21:10.836 [info] > git rev-parse --show-toplevel [2ms]
2025-05-20 12:21:10.836 [info] fatal: not a git repository (or any of the parent directories): .git
2025-05-20 12:21:14.704 [info] > git rev-parse --show-toplevel [3ms]
2025-05-20 12:21:14.704 [info] fatal: not a git repository (or any of the parent directories): .git
2025-05-20 12:21:17.799 [info] > git rev-parse --show-toplevel [1ms]
2025-05-20 12:21:17.799 [info] fatal: not a git repository (or any of the parent directories): .git
2025-05-20 12:21:28.767 [info] > git rev-parse --show-toplevel [18ms]
2025-05-20 12:21:28.767 [info] fatal: not a git repository (or any of the parent directories): .git
2025-05-20 12:21:29.795 [info] > git rev-parse --show-toplevel [8ms]
2025-05-20 12:21:29.796 [info] fatal: not a git repository (or any of the parent directories): .git
2025-05-20 12:21:31.095 [info] > git rev-parse --show-toplevel [6ms]
2025-05-20 12:21:31.095 [info] fatal: not a git repository (or any of the parent directories): .git
2025-05-20 12:21:32.030 [info] > git rev-parse --show-toplevel [1ms]
2025-05-20 12:21:32.030 [info] fatal: not a git repository (or any of the parent directories): .git
2025-05-20 12:21:32.758 [info] > git rev-parse --show-toplevel [6ms]
2025-05-20 12:21:32.758 [info] fatal: not a git repository (or any of the parent directories): .git
2025-05-20 12:21:42.308 [info] > git rev-parse --show-toplevel [7ms]
2025-05-20 12:21:42.308 [info] fatal: not a git repository (or any of the parent directories): .git
2025-05-20 12:21:44.325 [info] > git rev-parse --show-toplevel [2ms]
2025-05-20 12:21:44.325 [info] fatal: not a git repository (or any of the parent directories): .git
2025-05-20 12:21:45.070 [info] > git rev-parse --show-toplevel [1ms]
2025-05-20 12:21:45.070 [info] fatal: not a git repository (or any of the parent directories): .git
2025-05-20 12:21:51.329 [info] > git rev-parse --show-toplevel [2ms]
2025-05-20 12:21:51.329 [info] fatal: not a git repository (or any of the parent directories): .git
2025-05-20 12:22:00.648 [info] > git rev-parse --show-toplevel [2ms]
2025-05-20 12:22:00.649 [info] fatal: not a git repository (or any of the parent directories): .git
2025-05-20 12:22:08.593 [info] > git rev-parse --show-toplevel [2ms]
2025-05-20 12:22:08.594 [info] fatal: not a git repository (or any of the parent directories): .git
2025-05-20 12:22:09.928 [info] > git rev-parse --show-toplevel [2ms]
2025-05-20 12:22:09.928 [info] fatal: not a git repository (or any of the parent directories): .git
2025-05-20 12:22:10.803 [info] > git rev-parse --show-toplevel [2ms]
2025-05-20 12:22:10.803 [info] fatal: not a git repository (or any of the parent directories): .git
2025-05-20 12:22:15.086 [info] > git rev-parse --show-toplevel [2ms]
2025-05-20 12:22:15.086 [info] fatal: not a git repository (or any of the parent directories): .git
2025-05-20 12:22:15.812 [info] > git rev-parse --show-toplevel [2ms]
2025-05-20 12:22:15.813 [info] fatal: not a git repository (or any of the parent directories): .git
2025-05-20 12:22:16.192 [info] > git rev-parse --show-toplevel [1ms]
2025-05-20 12:22:16.192 [info] fatal: not a git repository (or any of the parent directories): .git
2025-05-20 12:22:16.932 [info] > git rev-parse --show-toplevel [4ms]
2025-05-20 12:22:16.936 [info] fatal: not a git repository (or any of the parent directories): .git
2025-05-20 12:22:17.900 [info] > git rev-parse --show-toplevel [2ms]
2025-05-20 12:22:17.900 [info] fatal: not a git repository (or any of the parent directories): .git
2025-05-20 12:22:18.389 [info] > git rev-parse --show-toplevel [9ms]
2025-05-20 12:22:18.390 [info] fatal: not a git repository (or any of the parent directories): .git
2025-05-20 12:22:19.596 [info] > git rev-parse --show-toplevel [1ms]
2025-05-20 12:22:19.596 [info] fatal: not a git repository (or any of the parent directories): .git
2025-05-20 12:23:00.730 [info] > git rev-parse --show-toplevel [15ms]
2025-05-20 12:23:00.731 [info] fatal: not a git repository (or any of the parent directories): .git
2025-05-20 12:23:01.430 [info] > git init -b main [30ms]
2025-05-20 12:23:01.434 [info] > git rev-parse --show-toplevel [1ms]
2025-05-20 12:23:01.444 [info] > git rev-parse --git-dir --git-common-dir [2ms]
2025-05-20 12:23:01.459 [info] [Model][openRepository] Opened repository (path): /home/dmitri
2025-05-20 12:23:01.459 [info] [Model][openRepository] Opened repository (real path): /home/dmitri
2025-05-20 12:23:01.473 [info] > git config --get commit.template [1ms]
2025-05-20 12:23:01.478 [info] [Git][getRemotes] No remotes found in the git config file
2025-05-20 12:23:01.479 [info] > git for-each-ref --format=%(refname)%00%(upstream:short)%00%(objectname)%00%(upstream:track)%00%(upstream:remotename)%00%(upstream:remoteref) refs/heads/main refs/remotes/main [2ms]
2025-05-20 12:23:01.480 [warning] [Git][getBranch] No such branch: main
2025-05-20 12:23:01.492 [info] > git for-each-ref --sort -committerdate --format %(refname)%00%(objectname)%00%(*objectname) [1ms]
2025-05-20 12:23:01.661 [info] > git status -z -uall [175ms]
2025-05-20 12:23:01.800 [info] > git for-each-ref --format=%(refname)%00%(upstream:short)%00%(objectname)%00%(upstream:track)%00%(upstream:remotename)%00%(upstream:remoteref) refs/heads/main refs/remotes/main [20ms]
2025-05-20 12:23:01.801 [warning] [Git][getBranch] No such branch: main
2025-05-20 12:23:01.802 [error] [GitHistoryProvider][resolveHEADMergeBase] Failed to resolve merge base for main: Error: No such branch: main.
2025-05-20 12:23:01.805 [info] > git config --get commit.template [15ms]
2025-05-20 12:23:02.232 [info] [Git][getRemotes] No remotes found in the git config file
2025-05-20 12:23:02.233 [info] > git check-ignore -v -z --stdin [21ms]
2025-05-20 12:23:02.234 [info] > git log --format=%H%n%aN%n%aE%n%at%n%ct%n%P%n%D%n%B -z --shortstat --diff-merges=first-parent -n50 --skip=0 --topo-order --decorate=full --stdin [34ms]
2025-05-20 12:23:02.234 [info] fatal: bad revision 'refs/heads/main'
2025-05-20 12:23:02.235 [error] [GitHistoryProvider][provideHistoryItems] Failed to get history items with options '{"historyItemRefs":["refs/heads/main"],"limit":50,"skip":0}': Failed to execute git {
  "exitCode": 128,
  "gitCommand": "log",
  "stdout": "",
  "stderr": "fatal: bad revision 'refs/heads/main'\n"
}
2025-05-20 12:23:02.236 [info] > git for-each-ref --format=%(refname)%00%(upstream:short)%00%(objectname)%00%(upstream:track)%00%(upstream:remotename)%00%(upstream:remoteref) refs/heads/main refs/remotes/main [4ms]
2025-05-20 12:23:02.236 [warning] [Git][getBranch] No such branch: main
2025-05-20 12:23:02.248 [info] > git for-each-ref --sort -committerdate --format %(refname)%00%(objectname)%00%(*objectname) [4ms]
2025-05-20 12:23:02.256 [info] > git status -z -uall [15ms]
2025-05-20 12:23:03.154 [info] > git check-ignore -v -z --stdin [2ms]
